# JRE version: OpenJDK Runtime Environment (8.0_242-b01) (build 1.8.0_242-release-1644-b01)
# Java VM: OpenJDK 64-Bit Server VM (25.242-b01 mixed mode windows-amd64 compressed oops)
Heap:
 PSYoungGen      total 292352K, used 235430K [0x00000000e0000000, 0x00000000f5300000, 0x0000000100000000)
  eden space 275456K, 79% used [0x00000000e0000000,0x00000000ed57d128,0x00000000f0d00000)
  from space 16896K, 99% used [0x00000000f1680000,0x00000000f26ec8e0,0x00000000f2700000)
  to   space 35840K, 0% used [0x00000000f3000000,0x00000000f3000000,0x00000000f5300000)
 ParOldGen       total 312320K, used 155921K [0x00000000a0000000, 0x00000000b3100000, 0x00000000e0000000)
  object space 312320K, 49% used [0x00000000a0000000,0x00000000a98447e0,0x00000000b3100000)
 Metaspace       used 87264K, capacity 94902K, committed 95232K, reserved 1132544K
  class space    used 11606K, capacity 12950K, committed 13056K, reserved 1048576K
GC Heap History (10 events):
Event: 479.195 GC heap before
{Heap before GC invocations=21 (full 4):
 PSYoungGen      total 290816K, used 259584K [0x00000000e0000000, 0x00000000f5000000, 0x0000000100000000)
  eden space 259584K, 100% used [0x00000000e0000000,0x00000000efd80000,0x00000000efd80000)
  from space 31232K, 0% used [0x00000000f1d00000,0x00000000f1d00000,0x00000000f3b80000)
  to   space 32256K, 0% used [0x00000000efd80000,0x00000000efd80000,0x00000000f1d00000)
 ParOldGen       total 312320K, used 155881K [0x00000000a0000000, 0x00000000b3100000, 0x00000000e0000000)
  object space 312320K, 49% used [0x00000000a0000000,0x00000000a983a7e0,0x00000000b3100000)
 Metaspace       used 82254K, capacity 87654K, committed 87936K, reserved 1124352K
  class space    used 11104K, capacity 12120K, committed 12160K, reserved 1048576K
Event: 479.475 GC heap after
Heap after GC invocations=21 (full 4):
 PSYoungGen      total 291840K, used 20833K [0x00000000e0000000, 0x00000000f6700000, 0x0000000100000000)
  eden space 259584K, 0% used [0x00000000e0000000,0x00000000e0000000,0x00000000efd80000)
  from space 32256K, 64% used [0x00000000efd80000,0x00000000f11d8790,0x00000000f1d00000)
  to   space 32768K, 0% used [0x00000000f4700000,0x00000000f4700000,0x00000000f6700000)
 ParOldGen       total 312320K, used 155889K [0x00000000a0000000, 0x00000000b3100000, 0x00000000e0000000)
  object space 312320K, 49% used [0x00000000a0000000,0x00000000a983c7e0,0x00000000b3100000)
 Metaspace       used 82254K, capacity 87654K, committed 87936K, reserved 1124352K
  class space    used 11104K, capacity 12120K, committed 12160K, reserved 1048576K
}
Event: 486.667 GC heap before
{Heap before GC invocations=22 (full 4):
 PSYoungGen      total 291840K, used 280417K [0x00000000e0000000, 0x00000000f6700000, 0x0000000100000000)
  eden space 259584K, 100% used [0x00000000e0000000,0x00000000efd80000,0x00000000efd80000)
  from space 32256K, 64% used [0x00000000efd80000,0x00000000f11d8790,0x00000000f1d00000)
  to   space 32768K, 0% used [0x00000000f4700000,0x00000000f4700000,0x00000000f6700000)
 ParOldGen       total 312320K, used 155889K [0x00000000a0000000, 0x00000000b3100000, 0x00000000e0000000)
  object space 312320K, 49% used [0x00000000a0000000,0x00000000a983c7e0,0x00000000b3100000)
 Metaspace       used 83311K, capacity 89332K, committed 89472K, reserved 1126400K
  class space    used 11205K, capacity 12299K, committed 12416K, reserved 1048576K
Event: 486.703 GC heap after
Heap after GC invocations=22 (full 4):
 PSYoungGen      total 330752K, used 27538K [0x00000000e0000000, 0x00000000f6900000, 0x0000000100000000)
  eden space 297984K, 0% used [0x00000000e0000000,0x00000000e0000000,0x00000000f2300000)
  from space 32768K, 84% used [0x00000000f4700000,0x00000000f61e4900,0x00000000f6700000)
  to   space 35840K, 0% used [0x00000000f2300000,0x00000000f2300000,0x00000000f4600000)
 ParOldGen       total 312320K, used 155897K [0x00000000a0000000, 0x00000000b3100000, 0x00000000e0000000)
  object space 312320K, 49% used [0x00000000a0000000,0x00000000a983e7e0,0x00000000b3100000)
 Metaspace       used 83311K, capacity 89332K, committed 89472K, reserved 1126400K
  class space    used 11205K, capacity 12299K, committed 12416K, reserved 1048576K
}
Event: 2353.109 GC heap before
{Heap before GC invocations=23 (full 4):
 PSYoungGen      total 330752K, used 325522K [0x00000000e0000000, 0x00000000f6900000, 0x0000000100000000)
  eden space 297984K, 100% used [0x00000000e0000000,0x00000000f2300000,0x00000000f2300000)
  from space 32768K, 84% used [0x00000000f4700000,0x00000000f61e4900,0x00000000f6700000)
  to   space 35840K, 0% used [0x00000000f2300000,0x00000000f2300000,0x00000000f4600000)
 ParOldGen       total 312320K, used 155897K [0x00000000a0000000, 0x00000000b3100000, 0x00000000e0000000)
  object space 312320K, 49% used [0x00000000a0000000,0x00000000a983e7e0,0x00000000b3100000)
 Metaspace       used 85476K, capacity 92210K, committed 92288K, reserved 1128448K
  class space    used 11431K, capacity 12646K, committed 12672K, reserved 1048576K
Event: 2353.288 GC heap after
Heap after GC invocations=23 (full 4):
 PSYoungGen      total 295936K, used 8009K [0x00000000e0000000, 0x00000000f5e00000, 0x0000000100000000)
  eden space 287744K, 0% used [0x00000000e0000000,0x00000000e0000000,0x00000000f1900000)
  from space 8192K, 97% used [0x00000000f2300000,0x00000000f2ad25a0,0x00000000f2b00000)
  to   space 35328K, 0% used [0x00000000f3b80000,0x00000000f3b80000,0x00000000f5e00000)
 ParOldGen       total 312320K, used 155905K [0x00000000a0000000, 0x00000000b3100000, 0x00000000e0000000)
  object space 312320K, 49% used [0x00000000a0000000,0x00000000a98407e0,0x00000000b3100000)
 Metaspace       used 85476K, capacity 92210K, committed 92288K, reserved 1128448K
  class space    used 11431K, capacity 12646K, committed 12672K, reserved 1048576K
}
Event: 2357.317 GC heap before
{Heap before GC invocations=24 (full 4):
 PSYoungGen      total 295936K, used 295753K [0x00000000e0000000, 0x00000000f5e00000, 0x0000000100000000)
  eden space 287744K, 100% used [0x00000000e0000000,0x00000000f1900000,0x00000000f1900000)
  from space 8192K, 97% used [0x00000000f2300000,0x00000000f2ad25a0,0x00000000f2b00000)
  to   space 35328K, 0% used [0x00000000f3b80000,0x00000000f3b80000,0x00000000f5e00000)
 ParOldGen       total 312320K, used 155905K [0x00000000a0000000, 0x00000000b3100000, 0x00000000e0000000)
  object space 312320K, 49% used [0x00000000a0000000,0x00000000a98407e0,0x00000000b3100000)
 Metaspace       used 86462K, capacity 93676K, committed 93824K, reserved 1130496K
  class space    used 11539K, capacity 12833K, committed 12928K, reserved 1048576K
Event: 2357.388 GC heap after
Heap after GC invocations=24 (full 4):
 PSYoungGen      total 320512K, used 28379K [0x00000000e0000000, 0x00000000f8b80000, 0x0000000100000000)
  eden space 285184K, 0% used [0x00000000e0000000,0x00000000e0000000,0x00000000f1680000)
  from space 35328K, 80% used [0x00000000f3b80000,0x00000000f5736dc8,0x00000000f5e00000)
  to   space 37888K, 0% used [0x00000000f1680000,0x00000000f1680000,0x00000000f3b80000)
 ParOldGen       total 312320K, used 155913K [0x00000000a0000000, 0x00000000b3100000, 0x00000000e0000000)
  object space 312320K, 49% used [0x00000000a0000000,0x00000000a98427e0,0x00000000b3100000)
 Metaspace       used 86462K, capacity 93676K, committed 93824K, reserved 1130496K
  class space    used 11539K, capacity 12833K, committed 12928K, reserved 1048576K
}
Event: 2718.984 GC heap before
{Heap before GC invocations=25 (full 4):
 PSYoungGen      total 320512K, used 313563K [0x00000000e0000000, 0x00000000f8b80000, 0x0000000100000000)
  eden space 285184K, 100% used [0x00000000e0000000,0x00000000f1680000,0x00000000f1680000)
  from space 35328K, 80% used [0x00000000f3b80000,0x00000000f5736dc8,0x00000000f5e00000)
  to   space 37888K, 0% used [0x00000000f1680000,0x00000000f1680000,0x00000000f3b80000)
 ParOldGen       total 312320K, used 155913K [0x00000000a0000000, 0x00000000b3100000, 0x00000000e0000000)
  object space 312320K, 49% used [0x00000000a0000000,0x00000000a98427e0,0x00000000b3100000)
 Metaspace       used 87105K, capacity 94610K, committed 94976K, reserved 1130496K
  class space    used 11598K, capacity 12934K, committed 13056K, reserved 1048576K
Event: 2719.043 GC heap after
Heap after GC invocations=25 (full 4):
 PSYoungGen      total 292352K, used 16818K [0x00000000e0000000, 0x00000000f5300000, 0x0000000100000000)
  eden space 275456K, 0% used [0x00000000e0000000,0x00000000e0000000,0x00000000f0d00000)
  from space 16896K, 99% used [0x00000000f1680000,0x00000000f26ec8e0,0x00000000f2700000)
  to   space 35840K, 0% used [0x00000000f3000000,0x00000000f3000000,0x00000000f5300000)
 ParOldGen       total 312320K, used 155921K [0x00000000a0000000, 0x00000000b3100000, 0x00000000e0000000)
  object space 312320K, 49% used [0x00000000a0000000,0x00000000a98447e0,0x00000000b3100000)
 Metaspace       used 87105K, capacity 94610K, committed 94976K, reserved 1130496K
  class space    used 11598K, capacity 12934K, committed 13056K, reserved 1048576K
}

